<?xml version="1.0" encoding="UTF-8"?>
<testsuite xmlns:xsi="http://www.w3.org/2001/XMLSchema-instance" xsi:schemaLocation="https://maven.apache.org/surefire/maven-surefire-plugin/xsd/surefire-test-report.xsd" name="TestSuite" time="32.554" tests="2" errors="0" skipped="0" failures="2">
  <properties>
    <property name="java.runtime.name" value="Java(TM) SE Runtime Environment"/>
    <property name="sun.boot.library.path" value="C:\Program Files\Java\jdk1.8.0_211\jre\bin"/>
    <property name="java.vm.version" value="25.211-b12"/>
    <property name="java.vm.vendor" value="Oracle Corporation"/>
    <property name="maven.multiModuleProjectDirectory" value="C:\Users\devendra.gupta\eclipse-workspace\Hotels"/>
    <property name="java.vendor.url" value="http://java.oracle.com/"/>
    <property name="path.separator" value=";"/>
    <property name="guice.disable.misplaced.annotation.check" value="true"/>
    <property name="java.vm.name" value="Java HotSpot(TM) 64-Bit Server VM"/>
    <property name="file.encoding.pkg" value="sun.io"/>
    <property name="user.script" value=""/>
    <property name="user.country" value="US"/>
    <property name="sun.java.launcher" value="SUN_STANDARD"/>
    <property name="sun.os.patch.level" value=""/>
    <property name="java.vm.specification.name" value="Java Virtual Machine Specification"/>
    <property name="user.dir" value="C:\Users\devendra.gupta\eclipse-workspace\Hotels"/>
    <property name="java.runtime.version" value="1.8.0_211-b12"/>
    <property name="java.awt.graphicsenv" value="sun.awt.Win32GraphicsEnvironment"/>
    <property name="java.endorsed.dirs" value="C:\Program Files\Java\jdk1.8.0_211\jre\lib\endorsed"/>
    <property name="os.arch" value="amd64"/>
    <property name="java.io.tmpdir" value="C:\Users\DEVEND~1.GUP\AppData\Local\Temp\"/>
    <property name="line.separator" value="&#10;"/>
    <property name="java.vm.specification.vendor" value="Oracle Corporation"/>
    <property name="user.variant" value=""/>
    <property name="os.name" value="Windows 10"/>
    <property name="classworlds.conf" value="C:\Users\devendra.gupta\eclipse-workspace\.metadata\.plugins\org.eclipse.m2e.launching\launches\m2conf4136814902605665686.tmp"/>
    <property name="sun.jnu.encoding" value="Cp1252"/>
    <property name="java.library.path" value="C:\Program Files\Java\jdk1.8.0_211\bin;C:\Windows\Sun\Java\bin;C:\Windows\system32;C:\Windows;C:/Program Files/Java/jre1.8.0_211/bin/server;C:/Program Files/Java/jre1.8.0_211/bin;C:/Program Files/Java/jre1.8.0_211/lib/amd64;C:\Program Files (x86)\Common Files\Oracle\Java\javapath;C:\Windows\system32;C:\Windows;C:\Windows\System32\Wbem;C:\Windows\System32\WindowsPowerShell\v1.0\;C:\Windows\System32\OpenSSH\;C:\Program Files (x86)\CheckPoint\Endpoint Security\Endpoint Common\bin;C:\Program Files\PuTTY\;C:\Program Files\Google\Google Apps Sync\;C:\Program Files\Google\Google Apps Migration\;C:\Program Files\Java\jdk1.8.0_211\bin;C:\Program Files\Android\Android Studio\bin;C:\Users\devendra.gupta\AppData\Local\Android\Sdk\platform-tools;C:\Users\devendra.gupta\AppData\Local\Android\Sdk\tools;C:\Users\devendra.gupta\AppData\Local\Android\Sdk\build-tools;C:\Program Files\nodejs\;C:\Users\devendra.gupta\AppData\Local\Microsoft\WindowsApps;C:\Users\devendra.gupta\AppData\Roaming\npm;C:\Users\devendra.gupta\AppData\Local\Programs\Git\cmd;C:\Users\devendra.gupta\Desktop;;."/>
    <property name="java.specification.name" value="Java Platform API Specification"/>
    <property name="java.class.version" value="52.0"/>
    <property name="sun.management.compiler" value="HotSpot 64-Bit Tiered Compilers"/>
    <property name="os.version" value="10.0"/>
    <property name="user.home" value="C:\Users\devendra.gupta"/>
    <property name="user.timezone" value="Asia/Calcutta"/>
    <property name="java.awt.printerjob" value="sun.awt.windows.WPrinterJob"/>
    <property name="java.specification.version" value="1.8"/>
    <property name="file.encoding" value="Cp1252"/>
    <property name="user.name" value="devendra.gupta"/>
    <property name="java.class.path" value="C:\Users\devendra.gupta\.p2\pool\plugins\org.eclipse.m2e.maven.runtime_1.11.0.20190220-2117\jars\plexus-classworlds-2.5.2.jar"/>
    <property name="java.vm.specification.version" value="1.8"/>
    <property name="sun.arch.data.model" value="64"/>
    <property name="java.home" value="C:\Program Files\Java\jdk1.8.0_211\jre"/>
    <property name="sun.java.command" value="org.codehaus.plexus.classworlds.launcher.Launcher -B clean install"/>
    <property name="java.specification.vendor" value="Oracle Corporation"/>
    <property name="user.language" value="en"/>
    <property name="awt.toolkit" value="sun.awt.windows.WToolkit"/>
    <property name="java.vm.info" value="mixed mode"/>
    <property name="java.version" value="1.8.0_211"/>
    <property name="java.ext.dirs" value="C:\Program Files\Java\jdk1.8.0_211\jre\lib\ext;C:\Windows\Sun\Java\lib\ext"/>
    <property name="sun.boot.class.path" value="C:\Program Files\Java\jdk1.8.0_211\jre\lib\resources.jar;C:\Program Files\Java\jdk1.8.0_211\jre\lib\rt.jar;C:\Program Files\Java\jdk1.8.0_211\jre\lib\sunrsasign.jar;C:\Program Files\Java\jdk1.8.0_211\jre\lib\jsse.jar;C:\Program Files\Java\jdk1.8.0_211\jre\lib\jce.jar;C:\Program Files\Java\jdk1.8.0_211\jre\lib\charsets.jar;C:\Program Files\Java\jdk1.8.0_211\jre\lib\jfr.jar;C:\Program Files\Java\jdk1.8.0_211\jre\classes"/>
    <property name="java.vendor" value="Oracle Corporation"/>
    <property name="maven.home" value="C:\Users\devendra.gupta\eclipse-workspace\Hotels\EMBEDDED"/>
    <property name="file.separator" value="\"/>
    <property name="java.vendor.url.bug" value="http://bugreport.sun.com/bugreport/"/>
    <property name="sun.cpu.endian" value="little"/>
    <property name="sun.io.unicode.encoding" value="UnicodeLittle"/>
    <property name="sun.desktop" value="windows"/>
    <property name="sun.cpu.isalist" value="amd64"/>
  </properties>
  <testcase name="f" classname="com.goibibo.WebApplication.Hotels.International_Hotel" time="21.533">
    <failure message="chrome not reachable&#10;  (Session info: chrome=75.0.3770.80)&#10;Build info: version: &apos;3.8.1&apos;, revision: &apos;6e95a6684b&apos;, time: &apos;2017-12-01T18:33:54.468Z&apos;&#10;System info: host: &apos;DEVENDRAGUPTA&apos;, ip: &apos;172.100.151.214&apos;, os.name: &apos;Windows 10&apos;, os.arch: &apos;amd64&apos;, os.version: &apos;10.0&apos;, java.version: &apos;1.8.0_211&apos;&#10;Driver info: org.openqa.selenium.chrome.ChromeDriver&#10;Capabilities {acceptInsecureCerts: false, browserName: chrome, browserVersion: 75.0.3770.80, chrome: {chromedriverVersion: 75.0.3770.8 (681f24ea911fe7..., userDataDir: C:\Users\DEVEND~1.GUP\AppDa...}, goog:chromeOptions: {debuggerAddress: localhost:64210}, javascriptEnabled: true, networkConnectionEnabled: false, pageLoadStrategy: normal, platform: XP, platformName: XP, proxy: Proxy(), setWindowRect: true, strictFileInteractability: false, timeouts: {implicit: 0, pageLoad: 300000, script: 30000}, unhandledPromptBehavior: dismiss and notify}&#10;Session ID: 83fc60168352ba13a34272d6ed98e70a" type="org.openqa.selenium.WebDriverException">org.openqa.selenium.WebDriverException: 
chrome not reachable
  (Session info: chrome=75.0.3770.80)
Build info: version: '3.8.1', revision: '6e95a6684b', time: '2017-12-01T18:33:54.468Z'
System info: host: 'DEVENDRAGUPTA', ip: '172.100.151.214', os.name: 'Windows 10', os.arch: 'amd64', os.version: '10.0', java.version: '1.8.0_211'
Driver info: org.openqa.selenium.chrome.ChromeDriver
Capabilities {acceptInsecureCerts: false, browserName: chrome, browserVersion: 75.0.3770.80, chrome: {chromedriverVersion: 75.0.3770.8 (681f24ea911fe7..., userDataDir: C:\Users\DEVEND~1.GUP\AppDa...}, goog:chromeOptions: {debuggerAddress: localhost:64210}, javascriptEnabled: true, networkConnectionEnabled: false, pageLoadStrategy: normal, platform: XP, platformName: XP, proxy: Proxy(), setWindowRect: true, strictFileInteractability: false, timeouts: {implicit: 0, pageLoad: 300000, script: 30000}, unhandledPromptBehavior: dismiss and notify}
Session ID: 83fc60168352ba13a34272d6ed98e70a
	at com.goibibo.WebApplication.Hotels.International_Hotel.f(International_Hotel.java:42)
</failure>
    <system-err><![CDATA[Starting ChromeDriver 75.0.3770.8 (681f24ea911fe754973dda2fdc6d2a2e159dd300-refs/branch-heads/3770@{#40}) on port 22748
Only local connections are allowed.
Please protect ports used by ChromeDriver and related test frameworks to prevent access by malicious code.
Jul 05, 2019 11:36:33 AM org.openqa.selenium.remote.ProtocolHandshake createSession
INFO: Detected dialect: W3C
[1562306795.954][WARNING]: Timed out connecting to Chrome, retrying...
[1562306799.968][WARNING]: Timed out connecting to Chrome, retrying...
[1562306806.024][WARNING]: Timed out connecting to Chrome, retrying...
]]></system-err>
  </testcase>
  <testcase name="f" classname="com.goibibo.WebApplication.Hotels.Dom_Hotel" time="9.551">
    <failure message="no such window: target window already closed&#10;from unknown error: web view not found&#10;  (Session info: chrome=75.0.3770.80)&#10;Build info: version: &apos;3.8.1&apos;, revision: &apos;6e95a6684b&apos;, time: &apos;2017-12-01T18:33:54.468Z&apos;&#10;System info: host: &apos;DEVENDRAGUPTA&apos;, ip: &apos;172.100.151.214&apos;, os.name: &apos;Windows 10&apos;, os.arch: &apos;amd64&apos;, os.version: &apos;10.0&apos;, java.version: &apos;1.8.0_211&apos;&#10;Driver info: org.openqa.selenium.chrome.ChromeDriver&#10;Capabilities {acceptInsecureCerts: false, browserName: chrome, browserVersion: 75.0.3770.80, chrome: {chromedriverVersion: 75.0.3770.8 (681f24ea911fe7..., userDataDir: C:\Users\DEVEND~1.GUP\AppDa...}, goog:chromeOptions: {debuggerAddress: localhost:64268}, javascriptEnabled: true, networkConnectionEnabled: false, pageLoadStrategy: normal, platform: XP, platformName: XP, proxy: Proxy(), setWindowRect: true, strictFileInteractability: false, timeouts: {implicit: 0, pageLoad: 300000, script: 30000}, unhandledPromptBehavior: dismiss and notify}&#10;Session ID: eec6219cd9725b7c5008467ff93ceb69&#10;*** Element info: {Using=xpath, value=//*[@id=&quot;header&quot;]/div[1]/ul/li[2]/a/i}" type="org.openqa.selenium.NoSuchWindowException">org.openqa.selenium.NoSuchWindowException: 
no such window: target window already closed
from unknown error: web view not found
  (Session info: chrome=75.0.3770.80)
Build info: version: '3.8.1', revision: '6e95a6684b', time: '2017-12-01T18:33:54.468Z'
System info: host: 'DEVENDRAGUPTA', ip: '172.100.151.214', os.name: 'Windows 10', os.arch: 'amd64', os.version: '10.0', java.version: '1.8.0_211'
Driver info: org.openqa.selenium.chrome.ChromeDriver
Capabilities {acceptInsecureCerts: false, browserName: chrome, browserVersion: 75.0.3770.80, chrome: {chromedriverVersion: 75.0.3770.8 (681f24ea911fe7..., userDataDir: C:\Users\DEVEND~1.GUP\AppDa...}, goog:chromeOptions: {debuggerAddress: localhost:64268}, javascriptEnabled: true, networkConnectionEnabled: false, pageLoadStrategy: normal, platform: XP, platformName: XP, proxy: Proxy(), setWindowRect: true, strictFileInteractability: false, timeouts: {implicit: 0, pageLoad: 300000, script: 30000}, unhandledPromptBehavior: dismiss and notify}
Session ID: eec6219cd9725b7c5008467ff93ceb69
*** Element info: {Using=xpath, value=//*[@id="header"]/div[1]/ul/li[2]/a/i}
	at com.goibibo.WebApplication.Hotels.Dom_Hotel.f(Dom_Hotel.java:53)
</failure>
    <system-err><![CDATA[Starting ChromeDriver 75.0.3770.8 (681f24ea911fe754973dda2fdc6d2a2e159dd300-refs/branch-heads/3770@{#40}) on port 15059
Only local connections are allowed.
Please protect ports used by ChromeDriver and related test frameworks to prevent access by malicious code.
Jul 05, 2019 11:36:54 AM org.openqa.selenium.remote.ProtocolHandshake createSession
INFO: Detected dialect: W3C
]]></system-err>
  </testcase>
</testsuite>