<?xml version="1.0" encoding="UTF-8"?>
<!-- Generated by org.testng.reporters.JUnitReportReporter -->
<testsuite skipped="0" hostname="DEVENDRAGUPTA" name="com.goibibo.WebApplication.Hotels.International_Hotel" tests="1" failures="0" timestamp="11 Jul 2019 07:47:56 GMT" time="80.332" errors="0">
  <testcase name="f" time="80.332" classname="com.goibibo.WebApplication.Hotels.International_Hotel"/>
</testsuite> <!-- com.goibibo.WebApplication.Hotels.International_Hotel -->
